
------------------------
2019.09.16 21:39:13
webform
Array
(
    [first_name] => juan
    [last_name] => salas
    [phone] => +56999999999
    [email] => prueba@peoplebpo.cl
    [saved] => yes
)

------------------------

------------------------
2019.09.16 21:39:14
webform result
Array
(
    [error] => ERROR_METHOD_NOT_FOUND
    [error_description] => Method not found!
)

------------------------

------------------------
2019.09.16 21:39:30
webform
Array
(
    [first_name] => juan
    [last_name] => salas
    [phone] => +56999999999
    [email] => prueba@peoplebpo.cl
    [saved] => yes
)

------------------------

------------------------
2019.09.16 21:39:31
webform result
Array
(
    [result] => Array
        (
            [ID] => 26
            [ADMIN] => 1
            [NAME] => Ivan
            [LAST_NAME] => Ruiz
            [PERSONAL_GENDER] => 
            [PERSONAL_PHOTO] => https://cdn.bitrix24.es/b11547467/main/e6d/e6d9b8dcae9b0402b363b98258fa541b/30imagen_entrada_rastreador.jpg
            [TIME_ZONE] => 
            [TIME_ZONE_OFFSET] => -10800
        )

    [time] => Array
        (
            [start] => 1568662770.5592
            [finish] => 1568662770.6056
            [duration] => 0.046390056610107
            [processing] => 0.0080780982971191
            [date_start] => 2019-09-16T22:39:30+03:00
            [date_finish] => 2019-09-16T22:39:30+03:00
        )

)

------------------------

------------------------
2019.09.16 21:41:26
webform
Array
(
    [first_name] => juan
    [last_name] => salas
    [phone] => +56999999999
    [email] => prueba@peoplebpo.cl
    [saved] => yes
)

------------------------

------------------------
2019.09.16 21:41:27
webform result
Array
(
    [result] => Array
        (
            [ID] => 26
            [ADMIN] => 1
            [NAME] => Ivan
            [LAST_NAME] => Ruiz
            [PERSONAL_GENDER] => 
            [PERSONAL_PHOTO] => https://cdn.bitrix24.es/b11547467/main/e6d/e6d9b8dcae9b0402b363b98258fa541b/30imagen_entrada_rastreador.jpg
            [TIME_ZONE] => 
            [TIME_ZONE_OFFSET] => -10800
        )

    [time] => Array
        (
            [start] => 1568662886.4659
            [finish] => 1568662886.513
            [duration] => 0.047132015228271
            [processing] => 0.0051748752593994
            [date_start] => 2019-09-16T22:41:26+03:00
            [date_finish] => 2019-09-16T22:41:26+03:00
        )

)

------------------------

------------------------
2019.09.16 21:41:30
webform
Array
(
    [first_name] => juan
    [last_name] => salas
    [phone] => +56999999999
    [email] => prueba@peoplebpo.cl
    [saved] => yes
)

------------------------

------------------------
2019.09.16 21:41:31
webform result
Array
(
    [result] => Array
        (
            [ID] => 26
            [ADMIN] => 1
            [NAME] => Ivan
            [LAST_NAME] => Ruiz
            [PERSONAL_GENDER] => 
            [PERSONAL_PHOTO] => https://cdn.bitrix24.es/b11547467/main/e6d/e6d9b8dcae9b0402b363b98258fa541b/30imagen_entrada_rastreador.jpg
            [TIME_ZONE] => 
            [TIME_ZONE_OFFSET] => -10800
        )

    [time] => Array
        (
            [start] => 1568662890.188
            [finish] => 1568662890.2311
            [duration] => 0.043092966079712
            [processing] => 0.0047199726104736
            [date_start] => 2019-09-16T22:41:30+03:00
            [date_finish] => 2019-09-16T22:41:30+03:00
        )

)

------------------------

------------------------
2019.09.16 21:44:50
webform
Array
(
    [first_name] => juan
    [last_name] => salas
    [phone] => +56999999999
    [email] => prueba@peoplebpo.cl
    [saved] => yes
)

------------------------

------------------------
2019.09.16 21:44:51
webform result
Array
(
    [result] => Array
        (
            [ID] => 26
            [ADMIN] => 1
            [NAME] => Ivan
            [LAST_NAME] => Ruiz
            [PERSONAL_GENDER] => 
            [PERSONAL_PHOTO] => https://cdn.bitrix24.es/b11547467/main/e6d/e6d9b8dcae9b0402b363b98258fa541b/30imagen_entrada_rastreador.jpg
            [TIME_ZONE] => 
            [TIME_ZONE_OFFSET] => -10800
        )

    [time] => Array
        (
            [start] => 1568663090.5781
            [finish] => 1568663090.6261
            [duration] => 0.048049926757812
            [processing] => 0.005681037902832
            [date_start] => 2019-09-16T22:44:50+03:00
            [date_finish] => 2019-09-16T22:44:50+03:00
        )

)

------------------------

------------------------
2019.09.16 21:45:00
webform
Array
(
    [first_name] => juan2
    [last_name] => salas
    [phone] => +56999999998
    [email] => prueba2@peoplebpo.cl
    [saved] => yes
)

------------------------

------------------------
2019.09.16 21:45:01
webform result
Array
(
    [result] => Array
        (
            [ID] => 26
            [ADMIN] => 1
            [NAME] => Ivan
            [LAST_NAME] => Ruiz
            [PERSONAL_GENDER] => 
            [PERSONAL_PHOTO] => https://cdn.bitrix24.es/b11547467/main/e6d/e6d9b8dcae9b0402b363b98258fa541b/30imagen_entrada_rastreador.jpg
            [TIME_ZONE] => 
            [TIME_ZONE_OFFSET] => -10800
        )

    [time] => Array
        (
            [start] => 1568663099.9622
            [finish] => 1568663100.0231
            [duration] => 0.06092381477356
            [processing] => 0.0060129165649414
            [date_start] => 2019-09-16T22:44:59+03:00
            [date_finish] => 2019-09-16T22:45:00+03:00
        )

)

------------------------

------------------------
2019.09.16 21:56:22
webform
Array
(
    [first_name] => juan2
    [last_name] => salas
    [phone] => +56999999998
    [email] => prueba2@peoplebpo.cl
    [saved] => yes
)

------------------------

------------------------
2019.09.16 21:56:22
webform result
Array
(
    [error] => ERROR_METHOD_NOT_FOUND
    [error_description] => Method not found!
)

------------------------

------------------------
2019.09.16 21:56:26
webform
Array
(
    [first_name] => juan2
    [last_name] => salas
    [phone] => +56999999998
    [email] => prueba2@peoplebpo.cl
    [saved] => yes
)

------------------------

------------------------
2019.09.16 21:56:27
webform result
Array
(
    [error] => ERROR_METHOD_NOT_FOUND
    [error_description] => Method not found!
)

------------------------

------------------------
2019.09.16 21:56:42
webform
Array
(
    [first_name] => juan2
    [last_name] => salas
    [phone] => +56999999998
    [email] => prueba2@peoplebpo.cl
    [saved] => yes
)

------------------------

------------------------
2019.09.16 21:56:43
webform result
Array
(
    [error] => ERROR_METHOD_NOT_FOUND
    [error_description] => Method not found!
)

------------------------

------------------------
2019.09.16 21:56:44
webform
Array
(
    [first_name] => juan2
    [last_name] => salas
    [phone] => +56999999998
    [email] => prueba2@peoplebpo.cl
    [saved] => yes
)

------------------------

------------------------
2019.09.16 21:56:45
webform result
Array
(
    [error] => ERROR_METHOD_NOT_FOUND
    [error_description] => Method not found!
)

------------------------

------------------------
2019.09.16 21:57:07
webform
Array
(
    [first_name] => juan2
    [last_name] => salas
    [phone] => +56999999998
    [email] => prueba2@peoplebpo.cl
    [saved] => yes
)

------------------------

------------------------
2019.09.16 21:57:08
webform result
Array
(
    [result] => 7802
    [time] => Array
        (
            [start] => 1568663826.7136
            [finish] => 1568663827.7683
            [duration] => 1.0547649860382
            [processing] => 1.005607843399
            [date_start] => 2019-09-16T22:57:06+03:00
            [date_finish] => 2019-09-16T22:57:07+03:00
        )

)

------------------------

------------------------
2019.09.16 21:57:11
webform
Array
(
    [first_name] => juan2
    [last_name] => salas
    [phone] => +56999999998
    [email] => prueba2@peoplebpo.cl
    [saved] => yes
)

------------------------

------------------------
2019.09.16 21:57:12
webform result
Array
(
    [result] => 7804
    [time] => Array
        (
            [start] => 1568663830.5199
            [finish] => 1568663831.4043
            [duration] => 0.8843629360199
            [processing] => 0.84535503387451
            [date_start] => 2019-09-16T22:57:10+03:00
            [date_finish] => 2019-09-16T22:57:11+03:00
        )

)

------------------------

------------------------
2019.09.16 22:13:08
webform
Array
(
    [first_name] => juan2
    [last_name] => salas
    [phone] => +56999999998
    [email] => prueba2@peoplebpo.cl
    [saved] => yes
)

------------------------

------------------------
2019.09.16 22:13:10
Pagina Web Prueba
Array
(
    [result] => 7806
    [time] => Array
        (
            [start] => 1568664788.4333
            [finish] => 1568664789.5367
            [duration] => 1.1034600734711
            [processing] => 1.0560929775238
            [date_start] => 2019-09-16T23:13:08+03:00
            [date_finish] => 2019-09-16T23:13:09+03:00
        )

)

------------------------

------------------------
2019.09.16 22:13:37
webform
Array
(
    [first_name] => Rodrigo
    [last_name] => Sanhueza
    [phone] => +56999999998
    [email] => rsanhueza@peoplebpo.cl
    [saved] => yes
)

------------------------

------------------------
2019.09.16 22:13:38
Pagina Web Prueba
Array
(
    [result] => 7808
    [time] => Array
        (
            [start] => 1568664816.5788
            [finish] => 1568664817.6726
            [duration] => 1.0937950611115
            [processing] => 1.0603160858154
            [date_start] => 2019-09-16T23:13:36+03:00
            [date_finish] => 2019-09-16T23:13:37+03:00
        )

)

------------------------

------------------------
2019.09.16 22:18:54
webform
Array
(
    [first_name] => Rodrigo3
    [last_name] => Sanhueza3
    [phone] => +56999999898
    [email] => rsanhueza2@peoplebpo.cl
    [saved] => yes
)

------------------------

------------------------
2019.09.16 22:18:56
Pagina Web Prueba
Array
(
    [result] => 7810
    [time] => Array
        (
            [start] => 1568665133.9788
            [finish] => 1568665134.9958
            [duration] => 1.0170090198517
            [processing] => 0.97716116905212
            [date_start] => 2019-09-16T23:18:53+03:00
            [date_finish] => 2019-09-16T23:18:54+03:00
        )

)

------------------------

------------------------
2019.09.16 22:19:46
webform
Array
(
    [first_name] => Rodrigo4
    [last_name] => Sanhueza4
    [phone] => +56999999894
    [email] => rsanhueza4@peoplebpo.cl
    [saved] => yes
)

------------------------

------------------------
2019.09.16 22:19:47
Pagina Web Prueba
Array
(
    [result] => 7812
    [time] => Array
        (
            [start] => 1568665185.7126
            [finish] => 1568665186.6883
            [duration] => 0.97563195228577
            [processing] => 0.93427205085754
            [date_start] => 2019-09-16T23:19:45+03:00
            [date_finish] => 2019-09-16T23:19:46+03:00
        )

)

------------------------

------------------------
2019.09.16 22:37:08
webform
Array
(
    [first_name] => ivan5
    [last_name] => ruiz5
    [phone] => 9836823295
    [email] => ivanruizdelfin5@gmail.com
    [saved] => yes
)

------------------------

------------------------
2019.09.16 22:37:09
Pagina Web Prueba
Array
(
    [error] => ERROR_METHOD_NOT_FOUND
    [error_description] => Method not found!
)

------------------------

------------------------
2020.03.12 16:25:55
WebForm
Array
(
    [first_name] => ivan2
    [last_name] => ruiz2
    [phone] => 983682333
    [email] => ivanruizdelfin@gmail.com
    [saved] => yes
)

------------------------

------------------------
2020.03.12 16:25:55
Pagina Web Prueba

------------------------

------------------------
2020.03.12 16:28:29
WebForm
Array
(
    [first_name] => ivan2
    [last_name] => ruiz2
    [phone] => 98368233
    [email] => ivanruizdelfin@gmail.com
    [saved] => yes
)

------------------------

------------------------
2020.03.12 16:28:29
Pagina Web Prueba

------------------------

------------------------
2020.03.12 16:28:35
WebForm
Array
(
    [first_name] => ivan2
    [last_name] => ruiz2
    [phone] => 98368233
    [email] => ivanruizdelfin@gmail.com
    [saved] => yes
)

------------------------

------------------------
2020.03.12 16:28:35
Pagina Web Prueba

------------------------

------------------------
2020.03.12 16:28:39
WebForm
Array
(
    [first_name] => ivan2
    [last_name] => ruiz2
    [phone] => 98368233
    [email] => ivanruizdelfin@gmail.com
    [saved] => yes
)

------------------------

------------------------
2020.03.12 16:28:39
Pagina Web Prueba

------------------------

------------------------
2020.03.12 16:28:46
WebForm
Array
(
    [first_name] => ivan
    [last_name] => ruiz
    [phone] => 983682329
    [email] => ivanruizdelfin@gmail.com
    [saved] => yes
)

------------------------

------------------------
2020.03.12 16:28:46
Pagina Web Prueba

------------------------

------------------------
2020.03.12 16:30:28
WebForm
Array
(
    [first_name] => ivan
    [last_name] => ruiz
    [phone] => 983682329
    [email] => ivanruizdelfin@gmail.com
    [saved] => yes
)

------------------------

------------------------
2020.03.12 16:30:28
Pagina Web Prueba

------------------------

------------------------
2020.03.12 16:31:04
WebForm
Array
(
    [first_name] => ivan
    [last_name] => ruiz
    [phone] => 983682329
    [email] => ivanruizdelfin@gmail.com
    [saved] => yes
)

------------------------

------------------------
2020.03.12 16:31:05
Pagina Web Prueba
Array
(
    [error] => INVALID_CREDENTIALS
    [error_description] => Invalid request credentials
)

------------------------

------------------------
2020.03.12 16:32:36
WebForm
Array
(
    [first_name] => ivan
    [last_name] => ruiz
    [phone] => 983682329
    [email] => ivanruizdelfin@gmail.com
    [saved] => yes
)

------------------------

------------------------
2020.03.12 16:32:37
Pagina Web Prueba
Array
(
    [error] => ERROR_METHOD_NOT_FOUND
    [error_description] => Method not found!
)

------------------------

------------------------
2020.03.12 16:36:31
WebForm
Array
(
    [first_name] => ivan
    [last_name] => ruiz
    [phone] => 983682329
    [email] => ivanruizdelfin@gmail.com
    [saved] => yes
)

------------------------

------------------------
2020.03.12 16:36:32
Pagina Web Prueba
Array
(
    [error] => INVALID_CREDENTIALS
    [error_description] => Invalid request credentials
)

------------------------

------------------------
2020.03.12 16:37:15
WebForm
Array
(
    [first_name] => ivan
    [last_name] => ruiz
    [phone] => 983682329
    [email] => ivanruizdelfin@gmail.com
    [saved] => yes
)

------------------------

------------------------
2020.03.12 16:37:15
Pagina Web Prueba

------------------------

------------------------
2020.03.12 16:37:43
WebForm
Array
(
    [first_name] => ivan
    [last_name] => ruiz
    [phone] => 983682329
    [email] => ivanruizdelfin@gmail.com
    [saved] => yes
)

------------------------

------------------------
2020.03.12 16:37:43
Pagina Web Prueba

------------------------

------------------------
2020.03.12 16:38:14
WebForm
Array
(
    [first_name] => ivan
    [last_name] => ruiz
    [phone] => 983682311
    [email] => ivanruizdelfin2@gmail.com
    [saved] => yes
)

------------------------

------------------------
2020.03.12 16:38:14
Pagina Web Prueba

------------------------

------------------------
2020.03.12 16:44:57
WebForm
Array
(
    [first_name] => ivan
    [last_name] => ruiz
    [phone] => 983682329
    [email] => ivanruizdelfin@gmail.com
    [saved] => yes
)

------------------------

------------------------
2020.03.12 16:44:58
Pagina Web Prueba
Array
(
    [error] => INVALID_CREDENTIALS
    [error_description] => Invalid request credentials
)

------------------------

------------------------
2020.03.12 16:45:12
WebForm
Array
(
    [first_name] => ivan
    [last_name] => ruiz
    [phone] => 983682329
    [email] => ivanruizdelfin@gmail.com
    [saved] => yes
)

------------------------

------------------------
2020.03.12 16:45:14
Pagina Web Prueba
Array
(
    [error] => INVALID_CREDENTIALS
    [error_description] => Invalid request credentials
)

------------------------

------------------------
2020.03.12 16:45:47
WebForm
Array
(
    [first_name] => ivan
    [last_name] => ruiz
    [phone] => 983682329
    [email] => ivanruizdelfin@gmail.com
    [saved] => yes
)

------------------------

------------------------
2020.03.12 16:45:49
Pagina Web Prueba
Array
(
    [result] => 53713
    [time] => Array
        (
            [start] => 1584027946.8733
            [finish] => 1584027948.2686
            [duration] => 1.3953280448914
            [processing] => 1.362076997757
            [date_start] => 2020-03-12T18:45:46+03:00
            [date_finish] => 2020-03-12T18:45:48+03:00
        )

)

------------------------

------------------------
2020.03.12 19:33:26
WebForm
Array
(
    [first_name] => ivan2
    [last_name] => ruiz2
    [phone] => 983682323
    [email] => ivanruizdelfin@gmail.com
    [saved] => yes
)

------------------------

------------------------
2020.03.12 19:33:29
Pagina Web Prueba
Array
(
    [result] => 53777
    [time] => Array
        (
            [start] => 1584038005.5951
            [finish] => 1584038007.2393
            [duration] => 1.6442050933838
            [processing] => 1.6142559051514
            [date_start] => 2020-03-12T21:33:25+03:00
            [date_finish] => 2020-03-12T21:33:27+03:00
        )

)

------------------------

------------------------
2020.08.27 15:35:35
WebForm
Array
(
    [first_name] => ivan
    [last_name] => ruiz
    [phone] => 983682329
    [email] => ivanruizdelfin@gmail.com
    [saved] => yes
)

------------------------

------------------------
2020.08.27 15:35:38
Pagina Web Prueba
Array
(
    [result] => 66966
    [time] => Array
        (
            [start] => 1598535334.2624
            [finish] => 1598535336.3754
            [duration] => 2.1129958629608
            [processing] => 2.0503489971161
            [date_start] => 2020-08-27T16:35:34+03:00
            [date_finish] => 2020-08-27T16:35:36+03:00
        )

)

------------------------

------------------------
2020.08.27 15:46:56
WebForm
Array
(
    [first_name] => ivan
    [last_name] => ruiz
    [phone] => 983682329
    [email] => ivanruizdelfin@gmail.com
    [saved] => yes
)

------------------------

------------------------
2020.08.27 15:46:59
Pagina Web Prueba
Array
(
    [result] => 66968
    [time] => Array
        (
            [start] => 1598536015.3588
            [finish] => 1598536017.3639
            [duration] => 2.0050990581512
            [processing] => 1.979131937027
            [date_start] => 2020-08-27T16:46:55+03:00
            [date_finish] => 2020-08-27T16:46:57+03:00
        )

)

------------------------

------------------------
2020.08.27 16:02:47
WebForm
Array
(
    [first_name] => ivan
    [last_name] => ruiz
    [phone] => 983682329
    [email] => ivanruizdelfin@gmail.com
    [saved] => yes
)

------------------------

------------------------
2020.08.27 16:02:49
Pagina Web Prueba
Array
(
    [result] => 66970
    [time] => Array
        (
            [start] => 1598536965.7846
            [finish] => 1598536967.0839
            [duration] => 1.2993710041046
            [processing] => 1.2722868919373
            [date_start] => 2020-08-27T17:02:45+03:00
            [date_finish] => 2020-08-27T17:02:47+03:00
        )

)

------------------------

------------------------
2020.08.27 16:02:57
WebForm
Array
(
    [first_name] => ivan
    [phone] => 983682329
    [email] => ivanruizdelfin@gmail.com
    [saved] => yes
)

------------------------

------------------------
2020.08.27 16:02:58
Pagina Web Prueba
Array
(
    [result] => 66972
    [time] => Array
        (
            [start] => 1598536976.0286
            [finish] => 1598536976.7413
            [duration] => 0.71270513534546
            [processing] => 0.69102597236633
            [date_start] => 2020-08-27T17:02:56+03:00
            [date_finish] => 2020-08-27T17:02:56+03:00
        )

)

------------------------

------------------------
2020.08.27 16:11:02
WebForm
Array
(
    [first_name] => daniela
    [phone] => +56983682329
    [email] => daniela@gmail.com
    [horario] => llamar despues de las 20hrs
    [saved] => yes
)

------------------------

------------------------
2020.08.27 16:11:03
Pagina Web Prueba
Array
(
    [result] => 66974
    [time] => Array
        (
            [start] => 1598537460.9607
            [finish] => 1598537461.7094
            [duration] => 0.74864482879639
            [processing] => 0.72641801834106
            [date_start] => 2020-08-27T17:11:00+03:00
            [date_finish] => 2020-08-27T17:11:01+03:00
        )

)

------------------------

------------------------
2020.08.27 16:30:43
Bot Pagina Easy line
Array
(
    [result] => 66976
    [time] => Array
        (
            [start] => 1598538639.5592
            [finish] => 1598538641.2892
            [duration] => 1.7300050258636
            [processing] => 1.6396400928497
            [date_start] => 2020-08-27T17:30:39+03:00
            [date_finish] => 2020-08-27T17:30:41+03:00
        )

)

------------------------
